| TAG: v5.0.0-deploy-2025-10-04 | COMMIT: ab58addba2852950e87bf59eb70dab676dbdbb8c | STATUS: DEPLOYED

=========================================================================================
DEPLOYMENT: 2025-10-07 18:54:00 -03
VERSION: v6.0.0
COMMIT: 178ab92
FEATURES: Executive dashboards, Portfolio manager visualizations, Product owner enhancements
FILES: 4 modified (+1,763 lines)
STATUS: ✅ SUCCESS
DEPLOYED BY: DevOps Team
ROLLBACK TAG: pre-deployment-backup-2025-10-07
=========================================================================================

=========================================================================================
DEPLOYMENT: 2025-10-07 19:15:00 -03
VERSION: v6.1.0 (Feature Removal)
COMMITS: a3f7f82, 29f7796
TYPE: Feature Removal & Code Cleanup
REMOVED: Project Narrative section, Portfolio Command Center
IMPACT: -277 lines code, +632 lines docs, 0 breaking changes
TESTING: Manual - All tests passed
STATUS: ✅ SUCCESS
DEPLOYED BY: DevOps Team
=========================================================================================

=========================================================================================
DEPLOYMENT: 2025-10-18 17:16:00 -03
VERSION: v6.2.1
COMMITS: 7f7b07e, be1dd69, 47b998f (merge)
TYPE: Patch Release - UI Cleanup
FEATURE: Story 6.1 - Remove non-value-adding header stats
FILES: 3 modified (index.html, ui-cards.js, USER_STORIES.md)
IMPACT: -10 lines code, +58 lines docs, 0 breaking changes
TESTING: Manual - All tests passed
STATUS: ✅ SUCCESS
DEPLOYED BY: Vitor Cintra
ROLLBACK TAG: pre-deployment-backup-2025-10-18-1716
GITHUB PAGES: Auto-deploying from main branch
=========================================================================================

=========================================================================================
HOTFIX DEPLOYMENT: 2025-10-18 17:30:00 -03
VERSION: v6.2.2
TYPE: CRITICAL HOTFIX
ISSUE: Production error "Cannot set properties of null (setting textContent)"
ROOT CAUSE: Browser caching old JavaScript with references to deleted DOM elements
SOLUTION: Defensive null checks + cache-busting query parameters
FILES: 2 modified (index.html, ui-cards.js)
IMPACT: Fixes production error, improves code robustness
TESTING: Immediate deployment (critical fix)
STATUS: ✅ DEPLOYED
DEPLOYED BY: Vitor Cintra (automated hotfix)
RELATED: Story 6.1 (v6.2.1 follow-up fix)
=========================================================================================

=========================================================================================
DEPLOYMENT: 2025-10-18 17:52:00 -03
VERSION: v6.2.3
COMMITS: 43a2283, d43357a, 414ff79 (merge)
TYPE: Patch Release - UI/UX Enhancement
FEATURE: Story 6.2 - Increased filter/search visibility
FILES: 2 modified (dashboard-style.css, USER_STORIES.md)
IMPACT: +97 lines CSS, +70 lines docs, 0 breaking changes
VISUAL CHANGES: Purple gradient filters section, search icon, enhanced borders/shadows
TESTING: Manual testing completed - All tests passed
STATUS: ✅ SUCCESS
DEPLOYED BY: Vitor Cintra
ROLLBACK TAG: pre-deployment-backup-2025-10-18-1751
GITHUB PAGES: Auto-deploying from main branch
MERGE COMMIT: 414ff79
USER BENEFIT: Improved filter discoverability and visual hierarchy
=========================================================================================
